c:\users\patri\documents\github\culturalink-main\culturalink-main\x64\debug\culturalink-main.pch
c:\users\patri\documents\github\culturalink-main\culturalink-main\x64\debug\vc143.pdb
c:\users\patri\documents\github\culturalink-main\culturalink-main\x64\debug\pch.obj
c:\users\patri\documents\github\culturalink-main\culturalink-main\x64\debug\registerformciutada.obj
c:\users\patri\documents\github\culturalink-main\culturalink-main\x64\debug\provesui.obj
c:\users\patri\documents\github\culturalink-main\culturalink-main\x64\debug\passarelaesdeveniment.obj
c:\users\patri\documents\github\culturalink-main\culturalink-main\x64\debug\passarelaentitat.obj
c:\users\patri\documents\github\culturalink-main\culturalink-main\x64\debug\passarelaciutada.obj
c:\users\patri\documents\github\culturalink-main\culturalink-main\x64\debug\passarelaajuntament.obj
c:\users\patri\documents\github\culturalink-main\culturalink-main\x64\debug\mainform.obj
c:\users\patri\documents\github\culturalink-main\culturalink-main\x64\debug\login.obj
c:\users\patri\documents\github\culturalink-main\culturalink-main\x64\debug\infoentitat.obj
c:\users\patri\documents\github\culturalink-main\culturalink-main\x64\debug\infociutada.obj
c:\users\patri\documents\github\culturalink-main\culturalink-main\x64\debug\infoajuntament.obj
c:\users\patri\documents\github\culturalink-main\culturalink-main\x64\debug\esdeveniment.obj
c:\users\patri\documents\github\culturalink-main\culturalink-main\x64\debug\culturalinkmain.obj
c:\users\patri\documents\github\culturalink-main\culturalink-main\x64\debug\ctrlmodificaesdeveniment.obj
c:\users\patri\documents\github\culturalink-main\culturalink-main\x64\debug\consultaesdevenimentui.obj
c:\users\patri\documents\github\culturalink-main\culturalink-main\x64\debug\cercadoraesdeveniment.obj
c:\users\patri\documents\github\culturalink-main\culturalink-main\x64\debug\cercadoraentitat.obj
c:\users\patri\documents\github\culturalink-main\culturalink-main\x64\debug\cercadoraciutada.obj
c:\users\patri\documents\github\culturalink-main\culturalink-main\x64\debug\cercadoraajuntament.obj
c:\users\patri\documents\github\culturalink-main\culturalink-main\x64\debug\assemblyinfo.obj
c:\users\patri\documents\github\culturalink-main\culturalink-main\x64\debug\txregistraentitat.obj
c:\users\patri\documents\github\culturalink-main\culturalink-main\x64\debug\txiniciasessio.obj
c:\users\patri\documents\github\culturalink-main\culturalink-main\x64\debug\txconsultaentitat.obj
c:\users\patri\documents\github\culturalink-main\culturalink-main\x64\debug\registraentitat.obj
c:\users\patri\documents\github\culturalink-main\culturalink-main\x64\debug\txregistraesdeveniment.obj
c:\users\patri\documents\github\culturalink-main\culturalink-main\x64\debug\txregisterciutada.obj
c:\users\patri\documents\github\culturalink-main\culturalink-main\x64\debug\txloginciutada.obj
c:\users\patri\documents\github\culturalink-main\culturalink-main\x64\debug\txloginajuntament.obj
c:\users\patri\documents\github\culturalink-main\culturalink-main\x64\debug\txconsultatotsesdevenimentsperentitat.obj
c:\users\patri\documents\github\culturalink-main\culturalink-main\x64\debug\txconsultatotsesdeveniments.obj
c:\users\patri\documents\github\culturalink-main\culturalink-main\x64\debug\txconsultaesdevenimentsambtipus.obj
c:\users\patri\documents\github\culturalink-main\culturalink-main\x64\debug\txconsultaesdeveniment.obj
c:\users\patri\documents\github\culturalink-main\culturalink-main\x64\debug\txconsultaajuntament.obj
c:\users\patri\documents\github\culturalink-main\culturalink-main\x64\debug\transaccio.obj
c:\users\patri\documents\github\culturalink-main\culturalink-main\x64\debug\sistema.obj
c:\users\patri\documents\github\culturalink-main\culturalink-main\x64\debug\registraresdevenimentui.obj
c:\users\patri\documents\github\culturalink-main\culturalink-main\x64\debug\registraesdevenimentui1.obj
c:\users\patri\documents\github\culturalink-main\culturalink-main\x64\debug\.netframework,version=v4.7.2.assemblyattributes.obj
c:\users\patri\documents\github\culturalink-main\x64\debug\mysql.data.dll
c:\users\patri\documents\github\culturalink-main\x64\debug\system.memory.dll
c:\users\patri\documents\github\culturalink-main\x64\debug\system.threading.tasks.extensions.dll
c:\users\patri\documents\github\culturalink-main\x64\debug\system.numerics.vectors.dll
c:\users\patri\documents\github\culturalink-main\x64\debug\system.buffers.dll
c:\users\patri\documents\github\culturalink-main\x64\debug\mysql.data.xml
c:\users\patri\documents\github\culturalink-main\culturalink-main\x64\debug\app.res
c:\users\patri\documents\github\culturalink-main\x64\debug\culturalink-main.exe
c:\users\patri\documents\github\culturalink-main\culturalink-main\x64\debug\culturalink-main.vcxproj.assemblyreference.cache
c:\users\patri\documents\github\culturalink-main\culturalink-main\x64\debug\culturalink-main.vcxproj.generateresource.cache
c:\users\patri\documents\github\culturalink-main\culturalink-main\x64\debug\culturalink_main.consultaesdevenimentui.resources
c:\users\patri\documents\github\culturalink-main\culturalink-main\x64\debug\culturalink_main.infoajuntament.resources
c:\users\patri\documents\github\culturalink-main\culturalink-main\x64\debug\culturalink_main.infociutada.resources
c:\users\patri\documents\github\culturalink-main\culturalink-main\x64\debug\culturalink_main.infoentitat.resources
c:\users\patri\documents\github\culturalink-main\culturalink-main\x64\debug\culturalink_main.login.resources
c:\users\patri\documents\github\culturalink-main\culturalink-main\x64\debug\culturalink_main.mainform.resources
c:\users\patri\documents\github\culturalink-main\culturalink-main\x64\debug\culturalink_main.provesui.resources
c:\users\patri\documents\github\culturalink-main\culturalink-main\x64\debug\culturalink_main.registerformciutada.resources
c:\users\patri\documents\github\culturalink-main\culturalink-main\x64\debug\culturalink_main.registraentitat.resources
c:\users\patri\documents\github\culturalink-main\culturalink-main\x64\debug\culturalink_main.registraesdevenimentui1.resources
c:\users\patri\documents\github\culturalink-main\culturalink-main\x64\debug\culturalink_main.registraresdevenimentui.resources
c:\users\patri\documents\github\culturalink-main\culturalink-main\x64\debug\culturalink-main.tlog\cl.command.1.tlog
c:\users\patri\documents\github\culturalink-main\culturalink-main\x64\debug\culturalink-main.tlog\cl.read.1.tlog
c:\users\patri\documents\github\culturalink-main\culturalink-main\x64\debug\culturalink-main.tlog\cl.write.1.tlog
c:\users\patri\documents\github\culturalink-main\culturalink-main\x64\debug\culturalink-main.tlog\copylocal.read.1u.tlog
c:\users\patri\documents\github\culturalink-main\culturalink-main\x64\debug\culturalink-main.tlog\copylocal.write.1u.tlog
c:\users\patri\documents\github\culturalink-main\culturalink-main\x64\debug\culturalink-main.tlog\link.command.1.tlog
c:\users\patri\documents\github\culturalink-main\culturalink-main\x64\debug\culturalink-main.tlog\link.read.1.tlog
c:\users\patri\documents\github\culturalink-main\culturalink-main\x64\debug\culturalink-main.tlog\link.write.1.tlog
c:\users\patri\documents\github\culturalink-main\culturalink-main\x64\debug\culturalink-main.tlog\metagen.read.1.tlog
c:\users\patri\documents\github\culturalink-main\culturalink-main\x64\debug\culturalink-main.tlog\metagen.write.1.tlog
c:\users\patri\documents\github\culturalink-main\culturalink-main\x64\debug\culturalink-main.tlog\rc.command.1.tlog
c:\users\patri\documents\github\culturalink-main\culturalink-main\x64\debug\culturalink-main.tlog\rc.read.1.tlog
c:\users\patri\documents\github\culturalink-main\culturalink-main\x64\debug\culturalink-main.tlog\rc.write.1.tlog
c:\users\patri\documents\github\culturalink-main\culturalink-main\x64\debug\culturalink-main.tlog\resgen.command.1.tlog
c:\users\patri\documents\github\culturalink-main\culturalink-main\x64\debug\culturalink-main.tlog\resgen.read.1.tlog
c:\users\patri\documents\github\culturalink-main\culturalink-main\x64\debug\culturalink-main.tlog\resgen.write.1.tlog
